<?xml version="1.0" encoding="UTF-8"?>
<!-- Generated by org.testng.reporters.JUnitXMLReporter -->
<testsuite ignored="4" hostname="DESKTOP-R4J9CF0" failures="0" tests="9" name="Test2" time="47.072" errors="0" timestamp="2022-12-06T17:13:25 IST">
  <testcase classname="com.vtiger.testscripts.CheckParallelExecution2" name="editCustomer1" time="0.024"/>
  <testcase classname="com.vtiger.testscripts.CheckParallelExecution2" name="editCustomer2" time="0.002"/>
  <testcase classname="com.vtiger.testscripts.CheckParallelExecution2" name="editCustomer3" time="0.001"/>
  <testcase classname="com.vtiger.testscripts.CheckParallelExecution3" name="modifyCustomer1" time="0.001"/>
  <testcase classname="com.vtiger.testscripts.CheckParallelExecution3" name="modifyCustomer2" time="0.001"/>
  <testcase classname="com.vtiger.testscripts.CheckParallelExecution3" name="modifyCustomer3" time="0.002"/>
  <testcase classname="com.vtiger.testscripts.CheckParallelExecution" name="createCustomer1" time="0.001"/>
  <testcase classname="com.vtiger.testscripts.CheckParallelExecution" name="createCustomer2" time="0.001"/>
  <testcase classname="com.vtiger.testscripts.CheckParallelExecution" name="createCustomer3" time="0.0"/>
  <testcase classname="com.spicejet.genericUtility.TestNGclass" name="@BeforeSuite setup" time="0.0">
    <ignored/>
  </testcase> <!-- @BeforeSuite setup -->
  <testcase classname="com.spicejet.genericUtility.TestNGclass" name="@BeforeSuite setup" time="0.0">
    <ignored/>
  </testcase> <!-- @BeforeSuite setup -->
  <testcase classname="com.spicejet.genericUtility.TestNGclass" name="@AfterSuite tearDown" time="0.0">
    <ignored/>
  </testcase> <!-- @AfterSuite tearDown -->
  <testcase classname="com.spicejet.genericUtility.TestNGclass" name="@AfterSuite tearDown" time="0.0">
    <ignored/>
  </testcase> <!-- @AfterSuite tearDown -->
</testsuite> <!-- Test2 -->
