<?xml version="1.0" encoding="UTF-8"?>
<!-- Generated by org.testng.reporters.JUnitXMLReporter -->
<testsuite ignored="0" hostname="DESKTOP-R4J9CF0" failures="0" tests="4" name="Test3" time="0.025" errors="0" timestamp="02 Dec 2022 10:28:47 GMT">
  <testcase classname="com.vtiger.testscripts.CreateCustomerTest1" name="createCustomer" time="0.001"/>
  <testcase classname="com.vtiger.testscripts.CreateCustomerTest1" name="createCustomer2" time="0.001"/>
  <testcase classname="com.vtiger.testscripts.CreateCutomerTest2" name="createCustomer" time="0.003"/>
  <testcase classname="com.vtiger.testscripts.CreateCutomerTest2" name="createCustomer2" time="0.002"/>
</testsuite> <!-- Test3 -->
