<?xml version="1.0" encoding="UTF-8"?>
<testng-results ignored="0" total="1" passed="1" failed="0" skipped="0">
  <reporter-output>
  </reporter-output>
  <suite started-at="2022-12-15T09:40:07 IST" name="Default suite" finished-at="2022-12-15T09:40:07 IST" duration-ms="55">
    <groups>
    </groups>
    <test started-at="2022-12-15T09:40:07 IST" name="Default test" finished-at="2022-12-15T09:40:07 IST" duration-ms="55">
      <class name="com.vtiger.testscripts.FetchDataFromMvn">
        <test-method signature="test()[pri:0, instance:com.vtiger.testscripts.FetchDataFromMvn@20f5239f]" started-at="2022-12-15T09:40:07 IST" name="test" finished-at="2022-12-15T09:40:07 IST" duration-ms="8" status="PASS">
          <reporter-output>
          </reporter-output>
        </test-method> <!-- test -->
      </class> <!-- com.vtiger.testscripts.FetchDataFromMvn -->
    </test> <!-- Default test -->
  </suite> <!-- Default suite -->
</testng-results>
